{"code":"ENOTFOUND","errno":-3008,"hostname":"postgres_db","level":"error","message":"DB connection error: getaddrinfo ENOTFOUND postgres_db","stack":"Error: getaddrinfo ENOTFOUND postgres_db\n    at /home/avinash/Projects/DropHere/backend/node_modules/pg-pool/index.js:45:11\n    at process.processTicksAndRejections (node:internal/process/task_queues:95:5)","syscall":"getaddrinfo","timestamp":"2025-07-29T06:16:56.922Z"}
{"level":"info","message":"Database Connected","timestamp":"2025-07-29T06:35:59.839Z"}
{"level":"info","message":"DB connection started","timestamp":"2025-07-29T06:35:59.873Z"}
{"level":"info","message":"Environment variables checked successfully","timestamp":"2025-07-29T06:35:59.874Z"}
{"level":"info","message":"TextTransferController initialized","timestamp":"2025-07-29T06:36:00.574Z"}
{"level":"info","message":"FileTransferController initialized","timestamp":"2025-07-29T06:36:00.717Z"}
{"level":"info","message":"Web server setup completed successfully","timestamp":"2025-07-29T06:36:00.725Z"}
{"level":"info","message":"Server is running on port 3000","timestamp":"2025-07-29T06:36:00.725Z"}
{"level":"info","message":"Database Connected","timestamp":"2025-07-29T07:28:29.435Z"}
{"level":"info","message":"DB connection started","timestamp":"2025-07-29T07:28:29.462Z"}
{"level":"info","message":"Environment variables checked successfully","timestamp":"2025-07-29T07:28:29.463Z"}
{"level":"info","message":"TextTransferController initialized","timestamp":"2025-07-29T07:28:30.189Z"}
{"level":"info","message":"FileTransferController initialized","timestamp":"2025-07-29T07:28:30.335Z"}
{"level":"info","message":"Web server setup completed successfully","timestamp":"2025-07-29T07:28:30.342Z"}
{"level":"info","message":"Server is running on port 3000","timestamp":"2025-07-29T07:28:30.342Z"}
{"level":"info","message":"Database Connected","timestamp":"2025-07-29T08:53:22.936Z"}
{"level":"info","message":"DB connection started","timestamp":"2025-07-29T08:53:22.976Z"}
{"level":"info","message":"Environment variables checked successfully","timestamp":"2025-07-29T08:53:22.976Z"}
{"level":"info","message":"TextTransferController initialized","timestamp":"2025-07-29T08:53:23.925Z"}
{"level":"info","message":"FileTransferController initialized","timestamp":"2025-07-29T08:53:24.091Z"}
{"level":"info","message":"Web server setup completed successfully","timestamp":"2025-07-29T08:53:24.095Z"}
{"level":"info","message":"Server is running on port 3000","timestamp":"2025-07-29T08:53:24.095Z"}
{"level":"info","message":"Expired old text transfers","timestamp":"2025-07-29T08:55:24.084Z"}
{"level":"info","message":"Expired old file transfers","timestamp":"2025-07-29T08:55:24.193Z"}
{"level":"info","message":"Database Connected","timestamp":"2025-07-29T08:57:14.760Z"}
{"level":"info","message":"DB connection started","timestamp":"2025-07-29T08:57:14.788Z"}
{"level":"info","message":"Environment variables checked successfully","timestamp":"2025-07-29T08:57:14.789Z"}
{"level":"info","message":"TextTransferController initialized","timestamp":"2025-07-29T08:57:15.897Z"}
{"level":"info","message":"FileTransferController initialized","timestamp":"2025-07-29T08:57:16.077Z"}
{"level":"info","message":"Web server setup completed successfully","timestamp":"2025-07-29T08:57:16.081Z"}
{"level":"info","message":"Server is running on port 3000","timestamp":"2025-07-29T08:57:16.081Z"}
{"level":"info","message":"Database Connected","timestamp":"2025-07-29T08:57:18.846Z"}
{"level":"info","message":"DB connection started","timestamp":"2025-07-29T08:57:18.877Z"}
{"level":"info","message":"Environment variables checked successfully","timestamp":"2025-07-29T08:57:18.877Z"}
{"level":"info","message":"TextTransferController initialized","timestamp":"2025-07-29T08:57:19.798Z"}
{"level":"info","message":"FileTransferController initialized","timestamp":"2025-07-29T08:57:19.984Z"}
{"level":"info","message":"Web server setup completed successfully","timestamp":"2025-07-29T08:57:19.990Z"}
{"level":"info","message":"Server is running on port 3000","timestamp":"2025-07-29T08:57:19.991Z"}
{"level":"info","message":"Database Connected","timestamp":"2025-07-29T08:57:37.165Z"}
{"level":"info","message":"DB connection started","timestamp":"2025-07-29T08:57:37.192Z"}
{"level":"info","message":"Environment variables checked successfully","timestamp":"2025-07-29T08:57:37.192Z"}
{"level":"info","message":"TextTransferController initialized","timestamp":"2025-07-29T08:57:38.079Z"}
{"level":"info","message":"FileTransferController initialized","timestamp":"2025-07-29T08:57:38.269Z"}
{"level":"info","message":"Web server setup completed successfully","timestamp":"2025-07-29T08:57:38.273Z"}
{"level":"info","message":"Server is running on port 3000","timestamp":"2025-07-29T08:57:38.273Z"}
{"level":"info","message":"Expired old text transfers","timestamp":"2025-07-29T08:59:38.228Z"}
{"level":"info","message":"Expired old file transfers","timestamp":"2025-07-29T08:59:38.339Z"}
{"level":"info","message":"Database Connected","timestamp":"2025-07-29T09:00:47.166Z"}
{"level":"info","message":"DB connection started","timestamp":"2025-07-29T09:00:47.205Z"}
{"level":"info","message":"Database Connected","timestamp":"2025-07-29T09:01:54.761Z"}
{"level":"info","message":"DB connection started","timestamp":"2025-07-29T09:01:54.789Z"}
{"level":"info","message":"Database Connected","timestamp":"2025-07-29T09:03:07.070Z"}
{"level":"info","message":"DB connection started","timestamp":"2025-07-29T09:03:07.102Z"}
{"level":"info","message":"Database Connected","timestamp":"2025-07-29T09:04:05.867Z"}
{"level":"info","message":"DB connection started","timestamp":"2025-07-29T09:04:05.895Z"}
{"level":"info","message":"Environment variables checked successfully","timestamp":"2025-07-29T09:04:05.895Z"}
{"level":"info","message":"TextTransferController initialized","timestamp":"2025-07-29T09:04:06.395Z"}
{"level":"info","message":"FileTransferController initialized","timestamp":"2025-07-29T09:04:06.443Z"}
{"level":"info","message":"Web server setup completed successfully","timestamp":"2025-07-29T09:04:06.570Z"}
{"level":"info","message":"Server is running on port 3000","timestamp":"2025-07-29T09:04:06.571Z"}
{"level":"info","message":"TextTransferController initialized","timestamp":"2025-07-29T09:05:27.092Z"}
{"level":"info","message":"FileTransferController initialized","timestamp":"2025-07-29T09:05:27.146Z"}
{"level":"info","message":"Database Connected","timestamp":"2025-07-29T09:05:27.437Z"}
{"level":"info","message":"DB connection started","timestamp":"2025-07-29T09:05:27.465Z"}
{"level":"info","message":"Environment variables checked successfully","timestamp":"2025-07-29T09:05:27.465Z"}
{"level":"info","message":"Web server setup completed successfully","timestamp":"2025-07-29T09:05:27.468Z"}
{"level":"info","message":"Server is running on port 3000","timestamp":"2025-07-29T09:05:27.468Z"}
{"level":"info","message":"TextTransferController initialized","timestamp":"2025-07-29T09:07:29.090Z"}
{"level":"info","message":"FileTransferController initialized","timestamp":"2025-07-29T09:07:29.139Z"}
{"level":"info","message":"Database Connected","timestamp":"2025-07-29T09:07:29.654Z"}
{"level":"info","message":"DB connection started","timestamp":"2025-07-29T09:07:29.683Z"}
{"level":"info","message":"Environment variables checked successfully","timestamp":"2025-07-29T09:07:29.683Z"}
{"level":"info","message":"Web server setup completed successfully","timestamp":"2025-07-29T09:07:29.687Z"}
{"level":"info","message":"Server is running on port 3000","timestamp":"2025-07-29T09:07:29.688Z"}
{"level":"info","message":"Expired old text transfers","timestamp":"2025-07-29T09:09:29.208Z"}
{"level":"info","message":"Database Connected","timestamp":"2025-07-29T09:09:29.548Z"}
{"level":"info","message":"Expired old file transfers","timestamp":"2025-07-29T09:09:29.620Z"}
{"level":"info","message":"TextTransferController initialized","timestamp":"2025-07-29T09:09:34.275Z"}
{"level":"info","message":"FileTransferController initialized","timestamp":"2025-07-29T09:09:34.325Z"}
{"level":"info","message":"Database Connected","timestamp":"2025-07-29T09:09:34.442Z"}
{"level":"info","message":"DB connection started","timestamp":"2025-07-29T09:09:34.467Z"}
{"level":"info","message":"Environment variables checked successfully","timestamp":"2025-07-29T09:09:34.468Z"}
{"level":"info","message":"Web server setup completed successfully","timestamp":"2025-07-29T09:09:34.470Z"}
{"level":"info","message":"Server is running on port 3000","timestamp":"2025-07-29T09:09:34.471Z"}
{"level":"info","message":"TextTransferController initialized","timestamp":"2025-07-29T09:11:31.355Z"}
{"level":"info","message":"FileTransferController initialized","timestamp":"2025-07-29T09:11:31.406Z"}
{"level":"info","message":"Database Connected","timestamp":"2025-07-29T09:11:31.928Z"}
{"level":"info","message":"DB connection started","timestamp":"2025-07-29T09:11:31.954Z"}
{"level":"info","message":"Environment variables checked successfully","timestamp":"2025-07-29T09:11:31.954Z"}
{"level":"info","message":"Web server setup completed successfully","timestamp":"2025-07-29T09:11:31.958Z"}
{"level":"info","message":"Server is running on port 3000","timestamp":"2025-07-29T09:11:31.959Z"}
{"level":"info","message":"TextTransferController initialized","timestamp":"2025-07-29T09:12:34.129Z"}
{"level":"info","message":"FileTransferController initialized","timestamp":"2025-07-29T09:12:34.180Z"}
{"level":"info","message":"Database Connected","timestamp":"2025-07-29T09:12:34.697Z"}
{"level":"info","message":"DB connection started","timestamp":"2025-07-29T09:12:34.732Z"}
{"level":"info","message":"Environment variables checked successfully","timestamp":"2025-07-29T09:12:34.733Z"}
{"level":"info","message":"Web server setup completed successfully","timestamp":"2025-07-29T09:12:34.736Z"}
{"level":"info","message":"Server is running on port 3000","timestamp":"2025-07-29T09:12:34.737Z"}
{"level":"info","message":"TextTransferController initialized","timestamp":"2025-07-29T09:13:00.023Z"}
{"level":"info","message":"FileTransferController initialized","timestamp":"2025-07-29T09:13:00.076Z"}
{"level":"info","message":"Database Connected","timestamp":"2025-07-29T09:13:00.199Z"}
{"level":"info","message":"DB connection started","timestamp":"2025-07-29T09:13:00.227Z"}
{"level":"info","message":"Environment variables checked successfully","timestamp":"2025-07-29T09:13:00.228Z"}
{"level":"info","message":"Web server setup completed successfully","timestamp":"2025-07-29T09:13:00.231Z"}
{"level":"info","message":"Server is running on port 3000","timestamp":"2025-07-29T09:13:00.232Z"}
{"level":"info","message":"TextTransferController initialized","timestamp":"2025-07-29T09:13:29.562Z"}
{"level":"info","message":"FileTransferController initialized","timestamp":"2025-07-29T09:13:29.622Z"}
{"level":"info","message":"Database Connected","timestamp":"2025-07-29T09:13:30.107Z"}
{"level":"info","message":"DB connection started","timestamp":"2025-07-29T09:13:30.135Z"}
{"level":"info","message":"Environment variables checked successfully","timestamp":"2025-07-29T09:13:30.135Z"}
{"level":"info","message":"Web server setup completed successfully","timestamp":"2025-07-29T09:13:30.139Z"}
{"level":"info","message":"Server is running on port 3000","timestamp":"2025-07-29T09:13:30.140Z"}
{"level":"info","message":"Expired old text transfers","timestamp":"2025-07-29T09:15:29.739Z"}
{"level":"info","message":"Database Connected","timestamp":"2025-07-29T09:15:30.139Z"}
{"level":"info","message":"Expired old file transfers","timestamp":"2025-07-29T09:15:30.230Z"}
{"level":"info","message":"TextTransferController initialized","timestamp":"2025-07-29T09:15:39.064Z"}
{"level":"info","message":"FileTransferController initialized","timestamp":"2025-07-29T09:15:39.120Z"}
{"level":"info","message":"Database Connected","timestamp":"2025-07-29T09:15:39.244Z"}
{"level":"info","message":"DB connection started","timestamp":"2025-07-29T09:15:39.271Z"}
{"level":"info","message":"Environment variables checked successfully","timestamp":"2025-07-29T09:15:39.271Z"}
{"level":"info","message":"Web server setup completed successfully","timestamp":"2025-07-29T09:15:39.275Z"}
{"level":"info","message":"Server is running on port 3000","timestamp":"2025-07-29T09:15:39.276Z"}
{"level":"info","message":"TextTransferController initialized","timestamp":"2025-07-29T09:16:07.935Z"}
{"level":"info","message":"FileTransferController initialized","timestamp":"2025-07-29T09:16:07.987Z"}
{"level":"info","message":"Database Connected","timestamp":"2025-07-29T09:16:08.179Z"}
{"level":"info","message":"DB connection started","timestamp":"2025-07-29T09:16:08.213Z"}
{"level":"info","message":"Environment variables checked successfully","timestamp":"2025-07-29T09:16:08.214Z"}
{"level":"info","message":"Web server setup completed successfully","timestamp":"2025-07-29T09:16:08.218Z"}
{"level":"info","message":"Server is running on port 3000","timestamp":"2025-07-29T09:16:08.218Z"}
{"level":"info","message":"Database Connected","timestamp":"2025-07-29T09:16:18.665Z"}
{"level":"info","message":"DB connection started","timestamp":"2025-07-29T09:16:18.698Z"}
{"level":"info","message":"Environment variables checked successfully","timestamp":"2025-07-29T09:16:18.698Z"}
{"level":"info","message":"Web server setup completed successfully","timestamp":"2025-07-29T09:16:18.701Z"}
{"level":"info","message":"Server is running on port 3000","timestamp":"2025-07-29T09:16:18.701Z"}
{"level":"info","message":"Database Connected","timestamp":"2025-07-29T09:16:56.706Z"}
{"level":"info","message":"DB connection started","timestamp":"2025-07-29T09:16:56.733Z"}
{"level":"info","message":"Environment variables checked successfully","timestamp":"2025-07-29T09:16:56.734Z"}
{"level":"info","message":"Web server setup completed successfully","timestamp":"2025-07-29T09:16:56.738Z"}
{"level":"info","message":"Server is running on port 3000","timestamp":"2025-07-29T09:16:56.738Z"}
{"level":"info","message":"Database Connected","timestamp":"2025-07-29T09:18:28.937Z"}
{"level":"info","message":"DB connection started","timestamp":"2025-07-29T09:18:28.974Z"}
{"level":"info","message":"Environment variables checked successfully","timestamp":"2025-07-29T09:18:28.975Z"}
{"level":"info","message":"Web server setup completed successfully","timestamp":"2025-07-29T09:18:28.978Z"}
{"level":"info","message":"Server is running on port 3001","timestamp":"2025-07-29T09:18:28.979Z"}
{"level":"info","message":"Database Connected","timestamp":"2025-07-29T09:19:17.715Z"}
{"level":"info","message":"DB connection started","timestamp":"2025-07-29T09:19:17.742Z"}
{"level":"info","message":"Environment variables checked successfully","timestamp":"2025-07-29T09:19:17.743Z"}
{"level":"info","message":"Web server setup completed successfully","timestamp":"2025-07-29T09:19:17.746Z"}
{"level":"info","message":"Server is running on port 3000","timestamp":"2025-07-29T09:19:17.747Z"}
{"level":"info","message":"TextTransferController initialized","timestamp":"2025-07-29T09:19:36.293Z"}
{"level":"info","message":"FileTransferController initialized","timestamp":"2025-07-29T09:19:36.333Z"}
{"level":"info","message":"Database Connected","timestamp":"2025-07-29T09:19:36.498Z"}
{"level":"info","message":"DB connection started","timestamp":"2025-07-29T09:19:36.531Z"}
{"level":"info","message":"Environment variables checked successfully","timestamp":"2025-07-29T09:19:36.531Z"}
{"level":"info","message":"Web server setup completed successfully","timestamp":"2025-07-29T09:19:36.535Z"}
{"level":"info","message":"Server is running on port 3000","timestamp":"2025-07-29T09:19:36.537Z"}
{"level":"info","message":"Database Connected","timestamp":"2025-07-29T09:20:03.486Z"}
{"level":"info","message":"Creating transfer record with code:","timestamp":"2025-07-29T09:20:03.516Z"}
{"level":"info","message":"TextTransferController initialized","timestamp":"2025-07-29T09:20:21.128Z"}
{"level":"info","message":"FileTransferController initialized","timestamp":"2025-07-29T09:20:21.138Z"}
{"level":"info","message":"Database Connected","timestamp":"2025-07-29T09:20:21.278Z"}
{"level":"info","message":"DB connection started","timestamp":"2025-07-29T09:20:21.305Z"}
{"level":"info","message":"Environment variables checked successfully","timestamp":"2025-07-29T09:20:21.305Z"}
{"level":"info","message":"Web server setup completed successfully","timestamp":"2025-07-29T09:20:21.308Z"}
{"level":"info","message":"Server is running on port 3000","timestamp":"2025-07-29T09:20:21.309Z"}
